2016-11-21 13:39:29.8591|DEBUG|WebApiContrib.Tracing.Nlog.NlogTraceWriter| System.Web.Http.Controllers WebHostHttpControllerTypeResolver GetControllerTypes
2016-11-21 13:39:29.9041|DEBUG|WebApiContrib.Tracing.Nlog.NlogTraceWriter| System.Web.Http.Controllers WebHostHttpControllerTypeResolver GetControllerTypes
2016-11-21 13:39:33.1493|INFO|WebApiContrib.Tracing.Nlog.NlogTraceWriter|GET http://localhost:14846/api/values/1111 System.Web.Http.Request http://localhost:14846/api/values/1111
2016-11-21 13:39:33.1493|INFO|WebApiContrib.Tracing.Nlog.NlogTraceWriter|GET http://localhost:14846/api/values/1111 System.Web.Http.Controllers DefaultHttpControllerSelector SelectController Route='controller:values,id:1111'
2016-11-21 13:39:33.1493|INFO|WebApiContrib.Tracing.Nlog.NlogTraceWriter|GET http://localhost:14846/api/values/1111 System.Web.Http.Controllers DefaultHttpControllerSelector SelectController Values
2016-11-21 13:39:33.1493|INFO|WebApiContrib.Tracing.Nlog.NlogTraceWriter|GET http://localhost:14846/api/values/1111 System.Web.Http.Controllers HttpControllerDescriptor CreateController
2016-11-21 13:39:33.1593|INFO|WebApiContrib.Tracing.Nlog.NlogTraceWriter|GET http://localhost:14846/api/values/1111 System.Web.Http.Controllers DefaultHttpControllerActivator Create
2016-11-21 13:39:33.1593|INFO|WebApiContrib.Tracing.Nlog.NlogTraceWriter|GET http://localhost:14846/api/values/1111 System.Web.Http.Controllers DefaultHttpControllerActivator Create WebApi.ExceptionAndLogging.Controllers.ValuesController
2016-11-21 13:39:33.1593|INFO|WebApiContrib.Tracing.Nlog.NlogTraceWriter|GET http://localhost:14846/api/values/1111 System.Web.Http.Controllers HttpControllerDescriptor CreateController WebApi.ExceptionAndLogging.Controllers.ValuesController
2016-11-21 13:39:33.1593|INFO|WebApiContrib.Tracing.Nlog.NlogTraceWriter|GET http://localhost:14846/api/values/1111 System.Web.Http.Controllers ValuesController ExecuteAsync
2016-11-21 13:39:33.1593|INFO|WebApiContrib.Tracing.Nlog.NlogTraceWriter|GET http://localhost:14846/api/values/1111 System.Web.Http.Action ApiControllerActionSelector SelectAction
2016-11-21 13:39:33.1793|INFO|WebApiContrib.Tracing.Nlog.NlogTraceWriter|GET http://localhost:14846/api/values/1111 System.Web.Http.Action ApiControllerActionSelector SelectAction Selected action 'Get(Int32 id)'
2016-11-21 13:39:33.1793|INFO|WebApiContrib.Tracing.Nlog.NlogTraceWriter|GET http://localhost:14846/api/values/1111 System.Web.Http.ModelBinding HttpActionBinding ExecuteBindingAsync
2016-11-21 13:39:33.1923|INFO|WebApiContrib.Tracing.Nlog.NlogTraceWriter|GET http://localhost:14846/api/values/1111 System.Web.Http.ModelBinding ModelBinderParameterBinding ExecuteBindingAsync Binding parameter 'id'
2016-11-21 13:39:33.2223|INFO|WebApiContrib.Tracing.Nlog.NlogTraceWriter|GET http://localhost:14846/api/values/1111 System.Web.Http.ModelBinding ModelBinderParameterBinding ExecuteBindingAsync Parameter 'id' bound to the value '1111'
2016-11-21 13:39:33.2223|INFO|WebApiContrib.Tracing.Nlog.NlogTraceWriter|GET http://localhost:14846/api/values/1111 System.Web.Http.ModelBinding HttpActionBinding ExecuteBindingAsync Model state is valid. Values: id=1111
2016-11-21 13:39:33.2223|INFO|WebApiContrib.Tracing.Nlog.NlogTraceWriter|GET http://localhost:14846/api/values/1111 System.Web.Http.Action ApiControllerActionInvoker InvokeActionAsync Action='Get(id=1111)'
2016-11-21 13:39:33.2223|INFO|WebApiContrib.Tracing.Nlog.NlogTraceWriter|GET http://localhost:14846/api/values/1111 System.Web.Http.Action ReflectedHttpActionDescriptor ExecuteAsync Invoking action 'Get(id=1111)'
2016-11-21 13:39:33.2793|ERROR|WebApiContrib.Tracing.Nlog.NlogTraceWriter|GET http://localhost:14846/api/values/1111 System.Web.Http.Action ReflectedHttpActionDescriptor ExecuteAsync Id should be smaller than 1000
2016-11-21 13:39:33.3093|ERROR|WebApiContrib.Tracing.Nlog.NlogTraceWriter|GET http://localhost:14846/api/values/1111 System.Web.Http.Action ApiControllerActionInvoker InvokeActionAsync Id should be smaller than 1000
2016-11-21 13:39:33.3443|ERROR|WebApiContrib.Tracing.Nlog.NlogTraceWriter|GET http://localhost:14846/api/values/1111 System.Web.Http.Controllers ValuesController ExecuteAsync Id should be smaller than 1000
2016-11-21 13:39:37.3556|INFO|WebApiContrib.Tracing.Nlog.NlogTraceWriter|GET http://localhost:14846/api/values/1111 System.Net.Http.Formatting DefaultContentNegotiator Negotiate Type='ExceptionResponse', formatters=[JsonMediaTypeFormatterTracer, XmlMediaTypeFormatterTracer, FormUrlEncodedMediaTypeFormatterTracer, FormUrlEncodedMediaTypeFormatterTracer]
2016-11-21 13:39:37.3736|INFO|WebApiContrib.Tracing.Nlog.NlogTraceWriter|GET http://localhost:14846/api/values/1111 System.Net.Http.Formatting JsonMediaTypeFormatter GetPerRequestFormatterInstance Obtaining formatter of type 'JsonMediaTypeFormatter' for type='ExceptionResponse', mediaType='application/json; charset=utf-8'
2016-11-21 13:39:37.3736|INFO|WebApiContrib.Tracing.Nlog.NlogTraceWriter|GET http://localhost:14846/api/values/1111 System.Net.Http.Formatting JsonMediaTypeFormatter GetPerRequestFormatterInstance Will use same 'JsonMediaTypeFormatter' formatter
2016-11-21 13:39:37.3736|INFO|WebApiContrib.Tracing.Nlog.NlogTraceWriter|GET http://localhost:14846/api/values/1111 System.Net.Http.Formatting DefaultContentNegotiator Negotiate Selected formatter='JsonMediaTypeFormatter', content-type='application/json; charset=utf-8'
2016-11-21 13:39:37.3736|INFO|WebApiContrib.Tracing.Nlog.NlogTraceWriter|GET http://localhost:14846/api/values/1111 System.Web.Http.Request Content-type='application/json; charset=utf-8', content-length=unknown
2016-11-21 13:39:37.3896|INFO|WebApiContrib.Tracing.Nlog.NlogTraceWriter|GET http://localhost:14846/api/values/1111 System.Net.Http.Formatting JsonMediaTypeFormatter WriteToStreamAsync Value='WebApi.ExceptionAndLogging.CustomHandlers.Exceptions.ExceptionResponse', type='ExceptionResponse', content-type='application/json; charset=utf-8'
2016-11-21 13:39:37.5246|INFO|WebApiContrib.Tracing.Nlog.NlogTraceWriter|GET http://localhost:14846/api/values/1111 System.Net.Http.Formatting JsonMediaTypeFormatter WriteToStreamAsync
2016-11-21 13:39:37.5246|INFO|WebApiContrib.Tracing.Nlog.NlogTraceWriter|GET http://localhost:14846/api/values/1111 System.Web.Http.Controllers ValuesController Dispose
2016-11-21 13:39:37.5246|INFO|WebApiContrib.Tracing.Nlog.NlogTraceWriter|GET http://localhost:14846/api/values/1111 System.Web.Http.Controllers ValuesController Dispose
